  [1m[35m (0.7ms)[0m  [1m[35mDROP DATABASE IF EXISTS "users-api-backend_development"[0m
  [1m[35m (0.1ms)[0m  [1m[35mDROP DATABASE IF EXISTS "users-api-backend_test"[0m
  [1m[35m (11.7ms)[0m  [1m[35mCREATE TABLE "schema_migrations" ("version" character varying NOT NULL PRIMARY KEY)[0m
  [1m[35m (19.4ms)[0m  [1m[35mCREATE TABLE "ar_internal_metadata" ("key" character varying NOT NULL PRIMARY KEY, "value" character varying, "created_at" timestamp NOT NULL, "updated_at" timestamp NOT NULL)[0m
  [1m[35m (1.8ms)[0m  [1m[34mSELECT pg_try_advisory_lock(3029287788007496715)[0m
  [1m[35m (0.5ms)[0m  [1m[34mSELECT "schema_migrations"."version" FROM "schema_migrations" ORDER BY "schema_migrations"."version" ASC[0m
Migrating to CreateUsers (20171107030450)
  [1m[35m (0.2ms)[0m  [1m[35mBEGIN[0m
  [1m[35m (25.8ms)[0m  [1m[35mCREATE TABLE "users" ("id" bigserial primary key, "name" character varying, "email" character varying, "password_digest" character varying, "created_at" timestamp NOT NULL, "updated_at" timestamp NOT NULL)[0m
  [1m[35mSQL (1.0ms)[0m  [1m[32mINSERT INTO "schema_migrations" ("version") VALUES ($1) RETURNING "version"[0m  [["version", "20171107030450"]]
  [1m[35m (0.4ms)[0m  [1m[35mCOMMIT[0m
  [1m[36mActiveRecord::InternalMetadata Load (0.7ms)[0m  [1m[34mSELECT  "ar_internal_metadata".* FROM "ar_internal_metadata" WHERE "ar_internal_metadata"."key" = $1 LIMIT $2[0m  [["key", "environment"], ["LIMIT", 1]]
  [1m[35m (0.2ms)[0m  [1m[35mBEGIN[0m
  [1m[35mSQL (0.5ms)[0m  [1m[32mINSERT INTO "ar_internal_metadata" ("key", "value", "created_at", "updated_at") VALUES ($1, $2, $3, $4) RETURNING "key"[0m  [["key", "environment"], ["value", "development"], ["created_at", "2017-11-07 04:18:48.768502"], ["updated_at", "2017-11-07 04:18:48.768502"]]
  [1m[35m (0.3ms)[0m  [1m[35mCOMMIT[0m
  [1m[35m (0.2ms)[0m  [1m[34mSELECT pg_advisory_unlock(3029287788007496715)[0m
  [1m[35m (0.3ms)[0m  [1m[34mSELECT "schema_migrations"."version" FROM "schema_migrations" ORDER BY "schema_migrations"."version" ASC[0m
  [1m[35m (0.2ms)[0m  [1m[35mBEGIN[0m
  [1m[35mSQL (1.3ms)[0m  [1m[32mINSERT INTO "users" ("email", "password_digest", "created_at", "updated_at") VALUES ($1, $2, $3, $4) RETURNING "id"[0m  [["email", "example@mail.com"], ["password_digest", "$2a$10$Zvcc7lfeqY4e0j4/LoTF1O8iwAlH7ubsgv6TzZLgzyysa6OancT4m"], ["created_at", "2017-11-07 04:19:11.112190"], ["updated_at", "2017-11-07 04:19:11.112190"]]
  [1m[35m (0.9ms)[0m  [1m[35mCOMMIT[0m
  [1m[35m (0.2ms)[0m  [1m[34mSELECT pg_try_advisory_lock(3029287788007496715)[0m
  [1m[35m (0.5ms)[0m  [1m[34mSELECT "schema_migrations"."version" FROM "schema_migrations" ORDER BY "schema_migrations"."version" ASC[0m
Migrating to CreateItems (20171107042623)
  [1m[35m (0.1ms)[0m  [1m[35mBEGIN[0m
  [1m[35m (5.9ms)[0m  [1m[35mCREATE TABLE "items" ("id" bigserial primary key, "name" character varying, "description" text, "created_at" timestamp NOT NULL, "updated_at" timestamp NOT NULL)[0m
  [1m[35mSQL (0.5ms)[0m  [1m[32mINSERT INTO "schema_migrations" ("version") VALUES ($1) RETURNING "version"[0m  [["version", "20171107042623"]]
  [1m[35m (1.0ms)[0m  [1m[35mCOMMIT[0m
  [1m[36mActiveRecord::InternalMetadata Load (1.2ms)[0m  [1m[34mSELECT  "ar_internal_metadata".* FROM "ar_internal_metadata" WHERE "ar_internal_metadata"."key" = $1 LIMIT $2[0m  [["key", "environment"], ["LIMIT", 1]]
  [1m[35m (0.2ms)[0m  [1m[35mBEGIN[0m
  [1m[35m (0.1ms)[0m  [1m[35mCOMMIT[0m
  [1m[35m (0.4ms)[0m  [1m[34mSELECT pg_advisory_unlock(3029287788007496715)[0m
  [1m[35m (0.3ms)[0m  [1m[34mSELECT "schema_migrations"."version" FROM "schema_migrations" ORDER BY "schema_migrations"."version" ASC[0m
Started POST "/authenticate" for 127.0.0.1 at 2017-11-06 20:27:12 -0800
  [1m[35m (0.8ms)[0m  [1m[34mSELECT "schema_migrations"."version" FROM "schema_migrations" ORDER BY "schema_migrations"."version" ASC[0m
Processing by AuthenticationController#authenticate as */*
  Parameters: {"email"=>"example@mail.com", "password"=>"[FILTERED]", "authentication"=>{"email"=>"example@mail.com", "password"=>"[FILTERED]"}}
  [1m[36mUser Load (0.5ms)[0m  [1m[34mSELECT  "users".* FROM "users" WHERE "users"."email" = $1 LIMIT $2[0m  [["email", "example@mail.com"], ["LIMIT", 1]]
  [1m[36mUser Load (0.3ms)[0m  [1m[34mSELECT  "users".* FROM "users" WHERE "users"."email" = $1 LIMIT $2[0m  [["email", "example@mail.com"], ["LIMIT", 1]]
Completed 200 OK in 169ms (Views: 0.3ms | ActiveRecord: 5.6ms)


Started GET "/items" for 127.0.0.1 at 2017-11-06 20:27:36 -0800
Processing by ItemsController#index as */*
Filter chain halted as :authenticate_request rendered or redirected
Completed 401 Unauthorized in 2ms (Views: 0.2ms | ActiveRecord: 0.0ms)


Started GET "/items" for 127.0.0.1 at 2017-11-06 20:27:56 -0800
Processing by ItemsController#index as */*
Filter chain halted as :authenticate_request rendered or redirected
Completed 401 Unauthorized in 1ms (Views: 0.1ms | ActiveRecord: 0.0ms)


Started GET "/items" for 127.0.0.1 at 2017-11-06 20:28:28 -0800
Processing by ItemsController#index as */*
Filter chain halted as :authenticate_request rendered or redirected
Completed 401 Unauthorized in 3ms (Views: 0.2ms | ActiveRecord: 0.0ms)


Started POST "/authenticate" for 127.0.0.1 at 2017-11-06 20:29:22 -0800
  
SyntaxError (/Users/anson/users-api-backend/app/controllers/application_controller.rb:13: `$' without identifiers is not allowed as a global variable name):
  
app/controllers/application_controller.rb:13: `$' without identifiers is not allowed as a global variable name
app/controllers/authentication_controller.rb:1:in `<top (required)>'
Started POST "/authenticate" for 127.0.0.1 at 2017-11-06 20:30:20 -0800
  
SyntaxError (/Users/anson/users-api-backend/app/controllers/application_controller.rb:13: syntax error, unexpected tSTRING_BEG, expecting keyword_do or '{' or '('
curl -H "Content-Type: application/jso...
         ^
/Users/anson/users-api-backend/app/controllers/application_controller.rb:13: syntax error, unexpected tCONSTANT, expecting keyword_do or '{' or '('
...Type: application/json" -X POST -d '{"email":"example@mail.c...
...                               ^
/Users/anson/users-api-backend/app/controllers/application_controller.rb:13: syntax error, unexpected tSTRING_BEG, expecting keyword_do or '{' or '('
... application/json" -X POST -d '{"email":"example@mail.com","...
...                               ^
/Users/anson/users-api-backend/app/controllers/application_controller.rb:13: syntax error, unexpected tIDENTIFIER, expecting end-of-input
...","password":"123123123"}' http://localhost:3000/authenticate
...                               ^):
  
app/controllers/application_controller.rb:13: syntax error, unexpected tSTRING_BEG, expecting keyword_do or '{' or '('
app/controllers/application_controller.rb:13: syntax error, unexpected tCONSTANT, expecting keyword_do or '{' or '('
app/controllers/application_controller.rb:13: syntax error, unexpected tSTRING_BEG, expecting keyword_do or '{' or '('
app/controllers/application_controller.rb:13: syntax error, unexpected tIDENTIFIER, expecting end-of-input
app/controllers/authentication_controller.rb:1:in `<top (required)>'
Started POST "/authenticate" for 127.0.0.1 at 2017-11-06 20:35:39 -0800
  [1m[35m (0.7ms)[0m  [1m[34mSELECT "schema_migrations"."version" FROM "schema_migrations" ORDER BY "schema_migrations"."version" ASC[0m
  
SyntaxError (/Users/anson/users-api-backend/app/controllers/application_controller.rb:13: syntax error, unexpected tSTRING_BEG, expecting keyword_do or '{' or '('
curl -H "Content-Type: application/jso...
         ^
/Users/anson/users-api-backend/app/controllers/application_controller.rb:13: syntax error, unexpected tCONSTANT, expecting keyword_do or '{' or '('
...Type: application/json" -X POST -d '{"email":"example@mail.c...
...                               ^
/Users/anson/users-api-backend/app/controllers/application_controller.rb:13: syntax error, unexpected tSTRING_BEG, expecting keyword_do or '{' or '('
... application/json" -X POST -d '{"email":"example@mail.com","...
...                               ^
/Users/anson/users-api-backend/app/controllers/application_controller.rb:13: syntax error, unexpected tIDENTIFIER, expecting end-of-input
...","password":"123123123"}' http://localhost:3000/authenticate
...                               ^):
  
app/controllers/application_controller.rb:13: syntax error, unexpected tSTRING_BEG, expecting keyword_do or '{' or '('
app/controllers/application_controller.rb:13: syntax error, unexpected tCONSTANT, expecting keyword_do or '{' or '('
app/controllers/application_controller.rb:13: syntax error, unexpected tSTRING_BEG, expecting keyword_do or '{' or '('
app/controllers/application_controller.rb:13: syntax error, unexpected tIDENTIFIER, expecting end-of-input
app/controllers/authentication_controller.rb:1:in `<top (required)>'
Started POST "/authenticate" for 127.0.0.1 at 2017-11-06 20:35:44 -0800
  
SyntaxError (/Users/anson/users-api-backend/app/controllers/application_controller.rb:13: syntax error, unexpected tSTRING_BEG, expecting keyword_do or '{' or '('
curl -H "Content-Type: application/jso...
         ^
/Users/anson/users-api-backend/app/controllers/application_controller.rb:13: syntax error, unexpected tCONSTANT, expecting keyword_do or '{' or '('
...Type: application/json" -X POST -d '{"email":"example@mail.c...
...                               ^
/Users/anson/users-api-backend/app/controllers/application_controller.rb:13: syntax error, unexpected tSTRING_BEG, expecting keyword_do or '{' or '('
... application/json" -X POST -d '{"email":"example@mail.com","...
...                               ^
/Users/anson/users-api-backend/app/controllers/application_controller.rb:13: syntax error, unexpected tIDENTIFIER, expecting end-of-input
...","password":"123123123"}' http://localhost:3000/authenticate
...                               ^):
  
app/controllers/application_controller.rb:13: syntax error, unexpected tSTRING_BEG, expecting keyword_do or '{' or '('
app/controllers/application_controller.rb:13: syntax error, unexpected tCONSTANT, expecting keyword_do or '{' or '('
app/controllers/application_controller.rb:13: syntax error, unexpected tSTRING_BEG, expecting keyword_do or '{' or '('
app/controllers/application_controller.rb:13: syntax error, unexpected tIDENTIFIER, expecting end-of-input
app/controllers/authentication_controller.rb:1:in `<top (required)>'
Started POST "/authenticate" for 127.0.0.1 at 2017-11-06 20:35:55 -0800
  
SyntaxError (/Users/anson/users-api-backend/app/controllers/application_controller.rb:13: syntax error, unexpected tSTRING_BEG, expecting keyword_do or '{' or '('
curl -H "Content-Type: application/jso...
         ^
/Users/anson/users-api-backend/app/controllers/application_controller.rb:13: syntax error, unexpected tCONSTANT, expecting keyword_do or '{' or '('
...Type: application/json" -X POST -d '{"email":"example@mail.c...
...                               ^
/Users/anson/users-api-backend/app/controllers/application_controller.rb:13: syntax error, unexpected tSTRING_BEG, expecting keyword_do or '{' or '('
... application/json" -X POST -d '{"email":"example@mail.com","...
...                               ^
/Users/anson/users-api-backend/app/controllers/application_controller.rb:13: syntax error, unexpected tIDENTIFIER, expecting end-of-input
...","password":"123123123"}' http://localhost:3000/authenticate
...                               ^):
  
app/controllers/application_controller.rb:13: syntax error, unexpected tSTRING_BEG, expecting keyword_do or '{' or '('
app/controllers/application_controller.rb:13: syntax error, unexpected tCONSTANT, expecting keyword_do or '{' or '('
app/controllers/application_controller.rb:13: syntax error, unexpected tSTRING_BEG, expecting keyword_do or '{' or '('
app/controllers/application_controller.rb:13: syntax error, unexpected tIDENTIFIER, expecting end-of-input
app/controllers/authentication_controller.rb:1:in `<top (required)>'
Started POST "/authenticate" for 127.0.0.1 at 2017-11-06 20:36:28 -0800
  
SyntaxError (/Users/anson/users-api-backend/app/controllers/application_controller.rb:13: syntax error, unexpected tSTRING_BEG, expecting keyword_do or '{' or '('
curl -H "Content-Type: application/jso...
         ^
/Users/anson/users-api-backend/app/controllers/application_controller.rb:13: syntax error, unexpected tCONSTANT, expecting keyword_do or '{' or '('
...Type: application/json" -X POST -d '{"email":"example@mail.c...
...                               ^
/Users/anson/users-api-backend/app/controllers/application_controller.rb:13: syntax error, unexpected tSTRING_BEG, expecting keyword_do or '{' or '('
... application/json" -X POST -d '{"email":"example@mail.com","...
...                               ^
/Users/anson/users-api-backend/app/controllers/application_controller.rb:13: syntax error, unexpected tIDENTIFIER, expecting end-of-input
...","password":"123123123"}' http://localhost:3000/authenticate
...                               ^):
  
app/controllers/application_controller.rb:13: syntax error, unexpected tSTRING_BEG, expecting keyword_do or '{' or '('
app/controllers/application_controller.rb:13: syntax error, unexpected tCONSTANT, expecting keyword_do or '{' or '('
app/controllers/application_controller.rb:13: syntax error, unexpected tSTRING_BEG, expecting keyword_do or '{' or '('
app/controllers/application_controller.rb:13: syntax error, unexpected tIDENTIFIER, expecting end-of-input
app/controllers/authentication_controller.rb:1:in `<top (required)>'
Started GET "/items" for 127.0.0.1 at 2017-11-06 20:37:35 -0800
  
SyntaxError (/Users/anson/users-api-backend/app/controllers/application_controller.rb:13: syntax error, unexpected tSTRING_BEG, expecting keyword_do or '{' or '('
curl -H "Content-Type: application/jso...
         ^
/Users/anson/users-api-backend/app/controllers/application_controller.rb:13: syntax error, unexpected tCONSTANT, expecting keyword_do or '{' or '('
...Type: application/json" -X POST -d '{"email":"example@mail.c...
...                               ^
/Users/anson/users-api-backend/app/controllers/application_controller.rb:13: syntax error, unexpected tSTRING_BEG, expecting keyword_do or '{' or '('
... application/json" -X POST -d '{"email":"example@mail.com","...
...                               ^
/Users/anson/users-api-backend/app/controllers/application_controller.rb:13: syntax error, unexpected tIDENTIFIER, expecting end-of-input
...","password":"123123123"}' http://localhost:3000/authenticate
...                               ^):
  
app/controllers/application_controller.rb:13: syntax error, unexpected tSTRING_BEG, expecting keyword_do or '{' or '('
app/controllers/application_controller.rb:13: syntax error, unexpected tCONSTANT, expecting keyword_do or '{' or '('
app/controllers/application_controller.rb:13: syntax error, unexpected tSTRING_BEG, expecting keyword_do or '{' or '('
app/controllers/application_controller.rb:13: syntax error, unexpected tIDENTIFIER, expecting end-of-input
app/controllers/items_controller.rb:1:in `<top (required)>'
  [1m[35m (0.6ms)[0m  [1m[34mSELECT "schema_migrations"."version" FROM "schema_migrations" ORDER BY "schema_migrations"."version" ASC[0m
  [1m[35m (0.3ms)[0m  [1m[34mSELECT "ar_internal_metadata"."value" FROM "ar_internal_metadata" WHERE "ar_internal_metadata"."key" = $1[0m  [["key", "environment"]]
  [1m[35m (0.3ms)[0m  [1m[34mSELECT "schema_migrations"."version" FROM "schema_migrations" ORDER BY "schema_migrations"."version" ASC[0m
  [1m[35m (0.1ms)[0m  [1m[34mSELECT "ar_internal_metadata"."value" FROM "ar_internal_metadata" WHERE "ar_internal_metadata"."key" = $1[0m  [["key", "environment"]]
  [1m[35m (0.2ms)[0m  [1m[34mSELECT "schema_migrations"."version" FROM "schema_migrations" ORDER BY "schema_migrations"."version" ASC[0m
  [1m[35m (0.1ms)[0m  [1m[34mSELECT "ar_internal_metadata"."value" FROM "ar_internal_metadata" WHERE "ar_internal_metadata"."key" = $1[0m  [["key", "environment"]]
  [1m[35m (208.2ms)[0m  [1m[35mDROP DATABASE IF EXISTS "users-api-backend_development"[0m
  [1m[35m (201.6ms)[0m  [1m[35mDROP DATABASE IF EXISTS "users-api-backend_test"[0m
  [1m[35m (0.2ms)[0m  [1m[35mDROP DATABASE IF EXISTS "users-api-backend_development"[0m
  [1m[35m (0.2ms)[0m  [1m[35mDROP DATABASE IF EXISTS "users-api-backend_test"[0m
  [1m[35m (7.3ms)[0m  [1m[35mCREATE TABLE "schema_migrations" ("version" character varying NOT NULL PRIMARY KEY)[0m
  [1m[35m (3.0ms)[0m  [1m[35mCREATE TABLE "ar_internal_metadata" ("key" character varying NOT NULL PRIMARY KEY, "value" character varying, "created_at" timestamp NOT NULL, "updated_at" timestamp NOT NULL)[0m
  [1m[35m (0.2ms)[0m  [1m[34mSELECT pg_try_advisory_lock(3029287788007496715)[0m
  [1m[35m (0.5ms)[0m  [1m[34mSELECT "schema_migrations"."version" FROM "schema_migrations" ORDER BY "schema_migrations"."version" ASC[0m
Migrating to CreateUsers (20171107030450)
  [1m[35m (0.2ms)[0m  [1m[35mBEGIN[0m
  [1m[35m (16.3ms)[0m  [1m[35mCREATE TABLE "users" ("id" bigserial primary key, "name" character varying, "email" character varying, "password_digest" character varying, "created_at" timestamp NOT NULL, "updated_at" timestamp NOT NULL)[0m
  [1m[35mSQL (1.0ms)[0m  [1m[32mINSERT INTO "schema_migrations" ("version") VALUES ($1) RETURNING "version"[0m  [["version", "20171107030450"]]
  [1m[35m (5.9ms)[0m  [1m[35mCOMMIT[0m
Migrating to CreateItems (20171107042623)
  [1m[35m (6.0ms)[0m  [1m[35mBEGIN[0m
  [1m[35m (16.3ms)[0m  [1m[35mCREATE TABLE "items" ("id" bigserial primary key, "name" character varying, "description" text, "created_at" timestamp NOT NULL, "updated_at" timestamp NOT NULL)[0m
  [1m[35mSQL (0.4ms)[0m  [1m[32mINSERT INTO "schema_migrations" ("version") VALUES ($1) RETURNING "version"[0m  [["version", "20171107042623"]]
  [1m[35m (6.0ms)[0m  [1m[35mCOMMIT[0m
  [1m[36mActiveRecord::InternalMetadata Load (1.0ms)[0m  [1m[34mSELECT  "ar_internal_metadata".* FROM "ar_internal_metadata" WHERE "ar_internal_metadata"."key" = $1 LIMIT $2[0m  [["key", "environment"], ["LIMIT", 1]]
  [1m[35m (0.2ms)[0m  [1m[35mBEGIN[0m
  [1m[35mSQL (1.4ms)[0m  [1m[32mINSERT INTO "ar_internal_metadata" ("key", "value", "created_at", "updated_at") VALUES ($1, $2, $3, $4) RETURNING "key"[0m  [["key", "environment"], ["value", "development"], ["created_at", "2017-11-07 04:45:10.550688"], ["updated_at", "2017-11-07 04:45:10.550688"]]
  [1m[35m (5.6ms)[0m  [1m[35mCOMMIT[0m
  [1m[35m (0.3ms)[0m  [1m[34mSELECT pg_advisory_unlock(3029287788007496715)[0m
  [1m[35m (0.4ms)[0m  [1m[34mSELECT "schema_migrations"."version" FROM "schema_migrations" ORDER BY "schema_migrations"."version" ASC[0m
  [1m[35m (0.2ms)[0m  [1m[35mBEGIN[0m
  [1m[35mSQL (1.0ms)[0m  [1m[32mINSERT INTO "users" ("email", "password_digest", "created_at", "updated_at") VALUES ($1, $2, $3, $4) RETURNING "id"[0m  [["email", "example@mail.com"], ["password_digest", "$2a$10$QrxEnvAdJNA5uJT1nA1ERuBb5Bp/r8Szg9EZEgSFzpT3RPlfOG33W"], ["created_at", "2017-11-07 04:46:48.216470"], ["updated_at", "2017-11-07 04:46:48.216470"]]
  [1m[35m (1.8ms)[0m  [1m[35mCOMMIT[0m
  [1m[35m (0.2ms)[0m  [1m[35mBEGIN[0m
  [1m[35mSQL (0.4ms)[0m  [1m[32mINSERT INTO "users" ("email", "password_digest", "created_at", "updated_at") VALUES ($1, $2, $3, $4) RETURNING "id"[0m  [["email", "example@mail.com"], ["password_digest", "$2a$10$t8O3Ele805WyjYnzw6heNeCsc0i0ymgO.CCO0fWX/FLdJVi0S0ROC"], ["created_at", "2017-11-07 04:46:51.634850"], ["updated_at", "2017-11-07 04:46:51.634850"]]
  [1m[35m (0.6ms)[0m  [1m[35mCOMMIT[0m
Started POST "/authenticate" for 127.0.0.1 at 2017-11-06 20:48:09 -0800
  [1m[35m (0.6ms)[0m  [1m[34mSELECT "schema_migrations"."version" FROM "schema_migrations" ORDER BY "schema_migrations"."version" ASC[0m
Processing by AuthenticationController#authenticate as */*
  Parameters: {"email"=>"example@mail.com", "password"=>"[FILTERED]", "authentication"=>{"email"=>"example@mail.com", "password"=>"[FILTERED]"}}
  [1m[36mUser Load (0.4ms)[0m  [1m[34mSELECT  "users".* FROM "users" WHERE "users"."email" = $1 LIMIT $2[0m  [["email", "example@mail.com"], ["LIMIT", 1]]
  [1m[36mUser Load (0.3ms)[0m  [1m[34mSELECT  "users".* FROM "users" WHERE "users"."email" = $1 LIMIT $2[0m  [["email", "example@mail.com"], ["LIMIT", 1]]
Completed 200 OK in 161ms (Views: 0.2ms | ActiveRecord: 5.0ms)


Started GET "/items" for 127.0.0.1 at 2017-11-06 20:48:30 -0800
  
ActionController::RoutingError (No route matches [GET] "/items"):
  
actionpack (5.1.4) lib/action_dispatch/middleware/debug_exceptions.rb:63:in `call'
actionpack (5.1.4) lib/action_dispatch/middleware/show_exceptions.rb:31:in `call'
railties (5.1.4) lib/rails/rack/logger.rb:36:in `call_app'
railties (5.1.4) lib/rails/rack/logger.rb:24:in `block in call'
activesupport (5.1.4) lib/active_support/tagged_logging.rb:69:in `block in tagged'
activesupport (5.1.4) lib/active_support/tagged_logging.rb:26:in `tagged'
activesupport (5.1.4) lib/active_support/tagged_logging.rb:69:in `tagged'
railties (5.1.4) lib/rails/rack/logger.rb:24:in `call'
actionpack (5.1.4) lib/action_dispatch/middleware/remote_ip.rb:79:in `call'
actionpack (5.1.4) lib/action_dispatch/middleware/request_id.rb:25:in `call'
rack (2.0.3) lib/rack/runtime.rb:22:in `call'
activesupport (5.1.4) lib/active_support/cache/strategy/local_cache_middleware.rb:27:in `call'
actionpack (5.1.4) lib/action_dispatch/middleware/executor.rb:12:in `call'
actionpack (5.1.4) lib/action_dispatch/middleware/static.rb:125:in `call'
rack (2.0.3) lib/rack/sendfile.rb:111:in `call'
railties (5.1.4) lib/rails/engine.rb:522:in `call'
puma (3.10.0) lib/puma/configuration.rb:225:in `call'
puma (3.10.0) lib/puma/server.rb:605:in `handle_request'
puma (3.10.0) lib/puma/server.rb:437:in `process_client'
puma (3.10.0) lib/puma/server.rb:301:in `block in run'
puma (3.10.0) lib/puma/thread_pool.rb:120:in `block in spawn_thread'
Started POST "/authenticate" for 127.0.0.1 at 2017-11-06 20:50:09 -0800
Processing by AuthenticationController#authenticate as */*
  Parameters: {"email"=>"example@mail.com", "password"=>"[FILTERED]", "authentication"=>{"email"=>"example@mail.com", "password"=>"[FILTERED]"}}
  [1m[36mUser Load (0.5ms)[0m  [1m[34mSELECT  "users".* FROM "users" WHERE "users"."email" = $1 LIMIT $2[0m  [["email", "example@mail.com"], ["LIMIT", 1]]
  [1m[36mCACHE User Load (0.0ms)[0m  [1m[34mSELECT  "users".* FROM "users" WHERE "users"."email" = $1 LIMIT $2[0m  [["email", "example@mail.com"], ["LIMIT", 1]]
Completed 200 OK in 157ms (Views: 0.4ms | ActiveRecord: 0.5ms)


Started POST "/authenticate" for 127.0.0.1 at 2017-11-06 20:50:24 -0800
Processing by AuthenticationController#authenticate as */*
  Parameters: {"email"=>"example@mail.com", "password"=>"[FILTERED]", "authentication"=>{"email"=>"example@mail.com", "password"=>"[FILTERED]"}}
  [1m[36mUser Load (0.3ms)[0m  [1m[34mSELECT  "users".* FROM "users" WHERE "users"."email" = $1 LIMIT $2[0m  [["email", "example@mail.com"], ["LIMIT", 1]]
  [1m[36mCACHE User Load (0.0ms)[0m  [1m[34mSELECT  "users".* FROM "users" WHERE "users"."email" = $1 LIMIT $2[0m  [["email", "example@mail.com"], ["LIMIT", 1]]
Completed 200 OK in 154ms (Views: 0.2ms | ActiveRecord: 0.3ms)


Started POST "/authenticate" for 127.0.0.1 at 2017-11-06 20:50:26 -0800
Processing by AuthenticationController#authenticate as */*
  Parameters: {"email"=>"example@mail.com", "password"=>"[FILTERED]", "authentication"=>{"email"=>"example@mail.com", "password"=>"[FILTERED]"}}
  [1m[36mUser Load (1.0ms)[0m  [1m[34mSELECT  "users".* FROM "users" WHERE "users"."email" = $1 LIMIT $2[0m  [["email", "example@mail.com"], ["LIMIT", 1]]
  [1m[36mCACHE User Load (0.0ms)[0m  [1m[34mSELECT  "users".* FROM "users" WHERE "users"."email" = $1 LIMIT $2[0m  [["email", "example@mail.com"], ["LIMIT", 1]]
Completed 200 OK in 140ms (Views: 0.1ms | ActiveRecord: 1.0ms)


Started POST "/authenticate" for 127.0.0.1 at 2017-11-06 20:50:28 -0800
Processing by AuthenticationController#authenticate as */*
  Parameters: {"email"=>"example@mail.com", "password"=>"[FILTERED]", "authentication"=>{"email"=>"example@mail.com", "password"=>"[FILTERED]"}}
  [1m[36mUser Load (0.2ms)[0m  [1m[34mSELECT  "users".* FROM "users" WHERE "users"."email" = $1 LIMIT $2[0m  [["email", "example@mail.com"], ["LIMIT", 1]]
  [1m[36mCACHE User Load (0.0ms)[0m  [1m[34mSELECT  "users".* FROM "users" WHERE "users"."email" = $1 LIMIT $2[0m  [["email", "example@mail.com"], ["LIMIT", 1]]
Completed 200 OK in 140ms (Views: 0.2ms | ActiveRecord: 0.3ms)


Started GET "/items" for 127.0.0.1 at 2017-11-06 20:50:51 -0800
Processing by ItemsController#index as */*
Filter chain halted as :authenticate_request rendered or redirected
Completed 401 Unauthorized in 1ms (Views: 0.2ms | ActiveRecord: 0.0ms)


Started GET "/items" for 127.0.0.1 at 2017-11-06 20:50:53 -0800
Processing by ItemsController#index as */*
Filter chain halted as :authenticate_request rendered or redirected
Completed 401 Unauthorized in 0ms (Views: 0.2ms | ActiveRecord: 0.0ms)


Started GET "/items" for 127.0.0.1 at 2017-11-06 20:50:54 -0800
Processing by ItemsController#index as */*
Filter chain halted as :authenticate_request rendered or redirected
Completed 401 Unauthorized in 0ms (Views: 0.1ms | ActiveRecord: 0.0ms)


Started GET "/items" for 127.0.0.1 at 2017-11-06 20:51:39 -0800
Processing by ItemsController#index as */*
  [1m[36mUser Load (0.2ms)[0m  [1m[34mSELECT  "users".* FROM "users" WHERE "users"."id" = $1 LIMIT $2[0m  [["id", 1], ["LIMIT", 1]]
  [1m[36mItem Load (0.5ms)[0m  [1m[34mSELECT "items".* FROM "items"[0m
Completed 200 OK in 9ms (Views: 1.4ms | ActiveRecord: 3.6ms)


  [1m[35m (0.2ms)[0m  [1m[35mBEGIN[0m
  [1m[36mUser Exists (0.8ms)[0m  [1m[34mSELECT  1 AS one FROM "users" WHERE "users"."email" = $1 LIMIT $2[0m  [["email", "example@mail.com"], ["LIMIT", 1]]
  [1m[35m (0.2ms)[0m  [1m[31mROLLBACK[0m
  [1m[35m (0.2ms)[0m  [1m[35mBEGIN[0m
  [1m[36mUser Exists (0.4ms)[0m  [1m[34mSELECT  1 AS one FROM "users" WHERE "users"."email" = $1 LIMIT $2[0m  [["email", "example@mail.com"], ["LIMIT", 1]]
  [1m[35m (0.3ms)[0m  [1m[31mROLLBACK[0m
  [1m[35m (0.2ms)[0m  [1m[35mBEGIN[0m
  [1m[36mUser Exists (0.3ms)[0m  [1m[34mSELECT  1 AS one FROM "users" WHERE "users"."email" = $1 LIMIT $2[0m  [["email", "example@mail.com"], ["LIMIT", 1]]
  [1m[35m (0.2ms)[0m  [1m[31mROLLBACK[0m
  [1m[36mUser Load (2.7ms)[0m  [1m[34mSELECT  "users".* FROM "users" LIMIT $1[0m  [["LIMIT", 11]]
  [1m[36mUser Exists (0.6ms)[0m  [1m[34mSELECT  1 AS one FROM "users" WHERE "users"."email" IS NULL LIMIT $1[0m  [["LIMIT", 1]]
  [1m[35m (12.8ms)[0m  [1m[34mSELECT "schema_migrations"."version" FROM "schema_migrations" ORDER BY "schema_migrations"."version" ASC[0m
  [1m[35m (20.1ms)[0m  [1m[34mSELECT "ar_internal_metadata"."value" FROM "ar_internal_metadata" WHERE "ar_internal_metadata"."key" = $1[0m  [["key", "environment"]]
  [1m[35m (0.2ms)[0m  [1m[34mSELECT "schema_migrations"."version" FROM "schema_migrations" ORDER BY "schema_migrations"."version" ASC[0m
  [1m[35m (0.1ms)[0m  [1m[34mSELECT "ar_internal_metadata"."value" FROM "ar_internal_metadata" WHERE "ar_internal_metadata"."key" = $1[0m  [["key", "environment"]]
  [1m[35m (0.2ms)[0m  [1m[34mSELECT "schema_migrations"."version" FROM "schema_migrations" ORDER BY "schema_migrations"."version" ASC[0m
  [1m[35m (0.1ms)[0m  [1m[34mSELECT "ar_internal_metadata"."value" FROM "ar_internal_metadata" WHERE "ar_internal_metadata"."key" = $1[0m  [["key", "environment"]]
  [1m[35m (218.5ms)[0m  [1m[35mDROP DATABASE IF EXISTS "users-api-backend_development"[0m
  [1m[35m (220.8ms)[0m  [1m[35mDROP DATABASE IF EXISTS "users-api-backend_test"[0m
  [1m[35m (16.7ms)[0m  [1m[35mCREATE TABLE "schema_migrations" ("version" character varying NOT NULL PRIMARY KEY)[0m
  [1m[35m (3.6ms)[0m  [1m[35mCREATE TABLE "ar_internal_metadata" ("key" character varying NOT NULL PRIMARY KEY, "value" character varying, "created_at" timestamp NOT NULL, "updated_at" timestamp NOT NULL)[0m
  [1m[35m (0.2ms)[0m  [1m[34mSELECT pg_try_advisory_lock(3029287788007496715)[0m
  [1m[35m (0.4ms)[0m  [1m[34mSELECT "schema_migrations"."version" FROM "schema_migrations" ORDER BY "schema_migrations"."version" ASC[0m
Migrating to CreateUsers (20171107030450)
  [1m[35m (0.2ms)[0m  [1m[35mBEGIN[0m
  [1m[35m (27.1ms)[0m  [1m[35mCREATE TABLE "users" ("id" bigserial primary key, "email" character varying, "password_digest" character varying, "created_at" timestamp NOT NULL, "updated_at" timestamp NOT NULL)[0m
  [1m[35mSQL (0.7ms)[0m  [1m[32mINSERT INTO "schema_migrations" ("version") VALUES ($1) RETURNING "version"[0m  [["version", "20171107030450"]]
  [1m[35m (0.4ms)[0m  [1m[35mCOMMIT[0m
  [1m[36mActiveRecord::InternalMetadata Load (0.4ms)[0m  [1m[34mSELECT  "ar_internal_metadata".* FROM "ar_internal_metadata" WHERE "ar_internal_metadata"."key" = $1 LIMIT $2[0m  [["key", "environment"], ["LIMIT", 1]]
  [1m[35m (0.2ms)[0m  [1m[35mBEGIN[0m
  [1m[35mSQL (0.7ms)[0m  [1m[32mINSERT INTO "ar_internal_metadata" ("key", "value", "created_at", "updated_at") VALUES ($1, $2, $3, $4) RETURNING "key"[0m  [["key", "environment"], ["value", "development"], ["created_at", "2017-11-08 02:33:27.408434"], ["updated_at", "2017-11-08 02:33:27.408434"]]
  [1m[35m (0.4ms)[0m  [1m[35mCOMMIT[0m
  [1m[35m (0.2ms)[0m  [1m[34mSELECT pg_advisory_unlock(3029287788007496715)[0m
  [1m[35m (0.2ms)[0m  [1m[34mSELECT "schema_migrations"."version" FROM "schema_migrations" ORDER BY "schema_migrations"."version" ASC[0m
  [1m[36mUser Load (0.9ms)[0m  [1m[34mSELECT  "users".* FROM "users" LIMIT $1[0m  [["LIMIT", 11]]
  [1m[36mUser Exists (1.0ms)[0m  [1m[34mSELECT  1 AS one FROM "users" WHERE "users"."email" = $1 LIMIT $2[0m  [["email", "anson@anson"], ["LIMIT", 1]]
  [1m[36mUser Exists (0.6ms)[0m  [1m[34mSELECT  1 AS one FROM "users" WHERE "users"."email" IS NULL LIMIT $1[0m  [["LIMIT", 1]]
  [1m[36mUser Exists (0.7ms)[0m  [1m[34mSELECT  1 AS one FROM "users" WHERE "users"."email" = $1 LIMIT $2[0m  [["email", "anson@anson"], ["LIMIT", 1]]
  [1m[36mUser Exists (0.5ms)[0m  [1m[34mSELECT  1 AS one FROM "users" WHERE "users"."email" = $1 LIMIT $2[0m  [["email", "anson@anson"], ["LIMIT", 1]]
  [1m[35m (0.2ms)[0m  [1m[35mBEGIN[0m
  [1m[36mUser Exists (0.4ms)[0m  [1m[34mSELECT  1 AS one FROM "users" WHERE "users"."email" = $1 LIMIT $2[0m  [["email", "anson@anson"], ["LIMIT", 1]]
  [1m[35mSQL (0.9ms)[0m  [1m[32mINSERT INTO "users" ("email", "password_digest", "created_at", "updated_at") VALUES ($1, $2, $3, $4) RETURNING "id"[0m  [["email", "anson@anson"], ["password_digest", "$2a$10$y9uxORYTeaNQbL.1TG8ymuTmDFp6zipeRMImfhnHqPZg26Y.szybO"], ["created_at", "2017-11-08 02:34:57.739767"], ["updated_at", "2017-11-08 02:34:57.739767"]]
  [1m[35m (1.8ms)[0m  [1m[35mCOMMIT[0m
  [1m[36mUser Load (0.4ms)[0m  [1m[34mSELECT  "users".* FROM "users" LIMIT $1[0m  [["LIMIT", 11]]
  [1m[36mUser Load (0.4ms)[0m  [1m[34mSELECT  "users".* FROM "users" LIMIT $1[0m  [["LIMIT", 11]]
  [1m[36mUser Exists (0.4ms)[0m  [1m[34mSELECT  1 AS one FROM "users" WHERE "users"."email" IS NULL LIMIT $1[0m  [["LIMIT", 1]]
  [1m[36mUser Exists (0.7ms)[0m  [1m[34mSELECT  1 AS one FROM "users" WHERE "users"."email" IS NULL LIMIT $1[0m  [["LIMIT", 1]]
